<?xml version="1.0" encoding="UTF-8"?>
<testsuite name="cn.xpbootcamp.gilded_rose.GildedRoseTest" tests="6" skipped="0" failures="0" errors="0" timestamp="2024-05-22T04:04:53" hostname="Carissas-MacBook-Pro.local" time="0.067">
  <properties/>
  <testcase name="shouldIncreaseQualityForAgedBrieWhenSellInIsPositive()" classname="cn.xpbootcamp.gilded_rose.GildedRoseTest" time="0.058"/>
  <testcase name="shouldIncreaseQualityForAgedBrieWhenSellInIsNegative()" classname="cn.xpbootcamp.gilded_rose.GildedRoseTest" time="0.001"/>
  <testcase name="foo()" classname="cn.xpbootcamp.gilded_rose.GildedRoseTest" time="0.002"/>
  <testcase name="shouldUpdateQualityToZeroForBackstagePassesWhenSellInIs8()" classname="cn.xpbootcamp.gilded_rose.GildedRoseTest" time="0.0"/>
  <testcase name="shouldUpdateQualityToZeroForBackstagePassesWhenSellInIsZero()" classname="cn.xpbootcamp.gilded_rose.GildedRoseTest" time="0.001"/>
  <testcase name="shouldIncreaseQualityForSulfurasHandOfRagnarosWhenSellInIsNegative()" classname="cn.xpbootcamp.gilded_rose.GildedRoseTest" time="0.001"/>
  <system-out><![CDATA[]]></system-out>
  <system-err><![CDATA[]]></system-err>
</testsuite>
